Experiment: 2020-06-10_19-50
File location for results: ../results/2020-06-10_19-50/


SIMULATION
##########################################
951 locations read from ../simulation/sites.csv
Inheritance is simulated: False
Simulated features: 35
Simulated intensity for universal pressure: 1.0
Simulated intensity for contact: 1.5
Simulated intensity for inheritance: None
Simulated level of entropy for universal pressure: 1.0
Simulated level of entropy for contact: 1.25
Simulated level of entropy for inheritance: None
Simulated area: 4


MCMC SETUP
##########################################
MCMC with 2000 steps and 1000 samples (burn-in 0 steps)
Areas have a minimum size of 3 and a maximum size of 50.
MCMC with 3 chains and 3 attempted swap(s) after 1000 steps.
Number of sampled areas: 1
Geo-prior: uniform 
Prior on weights: uniform 
Prior on universal pressure (alpha): uniform 
Prior on contact (gamma): uniform 
Pseudocounts for tuning the width of the proposal distribution for weights: 30 
Pseudocounts for tuning the width of the proposal distribution for universal pressure (alpha): 30 
Pseudocounts for tuning the width of the proposal distribution for areas (gamma): 30 
Inheritance is considered for inference: False
Ratio of areal steps (growing, shrinking, swapping areas): 0.05
Ratio of weight steps (changing weights): 0.7
Ratio of universal steps (changing alpha) : 0.05
Ratio of inheritance steps (changing beta): 0.0
Ratio of contact steps (changing gamma): 0.2


MCMC STATISTICS
##########################################
OPERATOR            	ACCEPTS 	REJECTS 	TOTAL   	ACC. RATE
shrink_zone         	19      	40      	59      	32.20%
grow_zone           	21      	58      	79      	26.58%
swap_zone           	16      	126     	142     	11.27%
alter_weights       	4019    	268     	4287    	93.75%
alter_p_global      	25      	284     	309     	8.09%
alter_p_zones       	759     	365     	1124    	67.53%
alter_p_families    	-       	-       	-       	-         
