INFO:root:Experiment: 2019-12-13_21-43
INFO:root:MCMC with 200000 steps and 1000 samples (burn-in 0 steps)
INFO:root:Zones have a minimum size of 3 and a maximum size of 50. The initial size is 3.
INFO:root:Inheritance is considered: False
INFO:root:Sample p_global: True
INFO:root:Sample p_zones: True
INFO:root:Sample p_families: False
INFO:root:Ratio of zone steps: 0.02
INFO:root:Ratio of weight steps: 0.77
INFO:root:Ratio of p_global steps: 0.01
INFO:root:Ratio of p_zones steps: 0.2
INFO:root:Ratio of p_families steps: 0
INFO:root:MCMC with 6 chains and 3 attempted swap(s) after 1000 steps.
INFO:root:Maximum number of sampled zones: 6
INFO:root:30 sites with 36 features imported from data/features/features.csv. 0 NA value(s) found.
INFO:root:Geo-prior: uniform 
INFO:root:Prior on weights: uniform 
INFO:root:Prior on p_global: dirichlet 
INFO:root:Prior on p_zones: uniform 
INFO:root:Prior on p_families: uniform 
INFO:root:Import prior information for p_global from data/p_global//prior_p_global.csv.
INFO:root:Variance of proposal distribution for weights: 0.1 
INFO:root:Variance of proposal distribution for p_global: 0.1 
INFO:root:Variance of proposal distribution for p_zones: 0.1 
INFO:root:Variance of proposal distribution for p_families: 0.1 
