Experiment: 2020-06-10_19-51
File location for results: ../results/2020-06-10_19-51/


SIMULATION
##########################################
951 locations read from ../simulation/sites.csv
Inheritance is simulated: False
Simulated features: 35
Simulated intensity for universal pressure: 1.0
Simulated intensity for contact: 1.5
Simulated intensity for inheritance: None
Simulated level of entropy for universal pressure: 1.0
Simulated level of entropy for contact: 1.25
Simulated level of entropy for inheritance: None
Simulated area: 4


MCMC SETUP
##########################################
MCMC with 2000 steps and 1000 samples (burn-in 0 steps)
Areas have a minimum size of 3 and a maximum size of 50.
MCMC with 3 chains and 3 attempted swap(s) after 1000 steps.
Number of sampled areas: 1
Geo-prior: uniform 
Prior on weights: uniform 
Prior on universal pressure (alpha): uniform 
Prior on contact (gamma): uniform 
Pseudocounts for tuning the width of the proposal distribution for weights: 30 
Pseudocounts for tuning the width of the proposal distribution for universal pressure (alpha): 30 
Pseudocounts for tuning the width of the proposal distribution for areas (gamma): 30 
Inheritance is considered for inference: False
Ratio of areal steps (growing, shrinking, swapping areas): 0.05
Ratio of weight steps (changing weights): 0.7
Ratio of universal steps (changing alpha) : 0.05
Ratio of inheritance steps (changing beta): 0.0
Ratio of contact steps (changing gamma): 0.2


MCMC STATISTICS
##########################################
OPERATOR            	ACCEPTS 	REJECTS 	TOTAL   	ACC. RATE
shrink_zone         	9       	66      	75      	12.00%
grow_zone           	24      	46      	70      	34.29%
swap_zone           	19      	148     	167     	11.38%
alter_weights       	3914    	262     	4176    	93.73%
alter_p_global      	21      	281     	302     	6.95%
alter_p_zones       	790     	420     	1210    	65.29%
alter_p_families    	-       	-       	-       	-         


SIMULATION
##########################################
951 locations read from ../simulation/sites.csv
Inheritance is simulated: False
Simulated features: 35
Simulated intensity for universal pressure: 1.0
Simulated intensity for contact: 1.5
Simulated intensity for inheritance: None
Simulated level of entropy for universal pressure: 1.0
Simulated level of entropy for contact: 1.25
Simulated level of entropy for inheritance: None
Simulated area: 6


MCMC SETUP
##########################################
MCMC with 2000 steps and 1000 samples (burn-in 0 steps)
Areas have a minimum size of 3 and a maximum size of 50.
MCMC with 3 chains and 3 attempted swap(s) after 1000 steps.
Number of sampled areas: 1
Geo-prior: uniform 
Prior on weights: uniform 
Prior on universal pressure (alpha): uniform 
Prior on contact (gamma): uniform 
Pseudocounts for tuning the width of the proposal distribution for weights: 30 
Pseudocounts for tuning the width of the proposal distribution for universal pressure (alpha): 30 
Pseudocounts for tuning the width of the proposal distribution for areas (gamma): 30 
Inheritance is considered for inference: False
Ratio of areal steps (growing, shrinking, swapping areas): 0.05
Ratio of weight steps (changing weights): 0.7
Ratio of universal steps (changing alpha) : 0.05
Ratio of inheritance steps (changing beta): 0.0
Ratio of contact steps (changing gamma): 0.2


MCMC STATISTICS
##########################################
OPERATOR            	ACCEPTS 	REJECTS 	TOTAL   	ACC. RATE
shrink_zone         	21      	59      	80      	26.25%
grow_zone           	27      	46      	73      	36.99%
swap_zone           	16      	125     	141     	11.35%
alter_weights       	3906    	252     	4158    	93.94%
alter_p_global      	16      	298     	314     	5.10%
alter_p_zones       	889     	345     	1234    	72.04%
alter_p_families    	-       	-       	-       	-         


SIMULATION
##########################################
951 locations read from ../simulation/sites.csv
Inheritance is simulated: False
Simulated features: 35
Simulated intensity for universal pressure: 1.0
Simulated intensity for contact: 1.5
Simulated intensity for inheritance: None
Simulated level of entropy for universal pressure: 1.0
Simulated level of entropy for contact: 1.25
Simulated level of entropy for inheritance: None
Simulated area: 3


MCMC SETUP
##########################################
MCMC with 2000 steps and 1000 samples (burn-in 0 steps)
Areas have a minimum size of 3 and a maximum size of 50.
MCMC with 3 chains and 3 attempted swap(s) after 1000 steps.
Number of sampled areas: 1
Geo-prior: uniform 
Prior on weights: uniform 
Prior on universal pressure (alpha): uniform 
Prior on contact (gamma): uniform 
Pseudocounts for tuning the width of the proposal distribution for weights: 30 
Pseudocounts for tuning the width of the proposal distribution for universal pressure (alpha): 30 
Pseudocounts for tuning the width of the proposal distribution for areas (gamma): 30 
Inheritance is considered for inference: False
Ratio of areal steps (growing, shrinking, swapping areas): 0.05
Ratio of weight steps (changing weights): 0.7
Ratio of universal steps (changing alpha) : 0.05
Ratio of inheritance steps (changing beta): 0.0
Ratio of contact steps (changing gamma): 0.2
