INFO:root:Experiment: 2020-04-20_20-25
INFO:root:Inheritance is simulated: True
INFO:root:Simulating 35 features.
INFO:root:Simulated global intensity: 1
INFO:root:Simulated contact intensity: 0.5
INFO:root:Simulated inherited intensity: 0.5
INFO:root:Simulated global exposition (number of similar features): 1.0
INFO:root:Simulated exposition in zone (number of similar features): 2.0
INFO:root:Simulated exposition in family (number of similar features): 2.0
INFO:root:Simulated zone: 10
INFO:root:MCMC with 2000 steps (+ 1000 increase per extra zone) and 500 samples (burn-in 0 steps)
INFO:root:Zones have a minimum size of 3 and a maximum size of 50. The initial size is 5.
INFO:root:MCMC with 8 chains and 3 attempted swap(s) after 1000 steps.
INFO:root:Number of sampled zones: 8
INFO:root:Geo-prior: uniform 
INFO:root:Prior on weights: uniform 
INFO:root:Prior on p_global: uniform 
INFO:root:Prior on p_zones: uniform 
INFO:root:Prior on p_families: uniform 
INFO:root:Pseudocounts for tuning the width of the dirichlet proposal distribution for weights: 30 
INFO:root:Pseudocounts for tuning the width of the dirichlet proposal distribution for p_global: 30 
INFO:root:Pseudocounts for tuning the width of the dirichlet proposal distribution for p_zones: 30 
INFO:root:Pseudocounts for tuning the width of the dirichlet proposal distribution for p_families: 30 
INFO:root:Inheritance is considered for the inference: True
INFO:root:Sample p_global: True
INFO:root:Sample p_zones: True
INFO:root:Sample p_families: True
INFO:root:Ratio of zone steps: 0.02
INFO:root:Ratio of weight steps: 0.72
INFO:root:Ratio of p_global steps: 0.01
INFO:root:Ratio of p_zones steps: 0.2
INFO:root:Ratio of p_families steps: 0.05
