INFO:root:Experiment: 2019-10-25_21-04
INFO:root:Simulating 35 features.
INFO:root:Simulated global intensity: 3
INFO:root:Simulated contact intensity: 0.1
INFO:root:Simulated global exposition (number of similar features): 0.3
INFO:root:Simulated exposition in zone (number of similar features): 1.5
INFO:root:Inheritance is considered: False
INFO:root:MCMC with 200000 steps and 1000 samples (burn-in 0 steps)
INFO:root:Zones have a minimum size of 5 and a maximum size of 120. The initial size is 20.
INFO:root:MCMC with 5 chains and 2 attempted swap(s) after 1000 steps.
INFO:root:Sample p_global: True
INFO:root:Sample p_zones: True
INFO:root:Sample p_families: False
INFO:root:Ratio of zone steps: 0.02
INFO:root:Ratio of weight steps: 0.78
INFO:root:Ratio of p_global steps: 0.1
INFO:root:Ratio of p_zones steps: 0.1
INFO:root:Ratio of p_families steps: 0
INFO:root:Geo-prior: distance 
INFO:root:Prior on weights: uniform 
INFO:root:Prior on p_global: uniform 
INFO:root:Prior on p_zones: uniform 
INFO:root:Prior on p_families: uniform 
INFO:root:Variance of proposal distribution for weights: 0.1 
INFO:root:Variance of proposal distribution for p_global: 0.1 
INFO:root:Variance of proposal distribution for p_zones: 0.1 
INFO:root:Variance of proposal distribution for p_families: 0.1 
INFO:root:Geo-prior: uniform 
INFO:root:Prior on weights: uniform 
INFO:root:Prior on p_global: uniform 
INFO:root:Prior on p_zones: uniform 
INFO:root:Prior on p_families: uniform 
INFO:root:Variance of proposal distribution for weights: 0.1 
INFO:root:Variance of proposal distribution for p_global: 0.1 
INFO:root:Variance of proposal distribution for p_zones: 0.1 
INFO:root:Variance of proposal distribution for p_families: 0.1 
