Experiment: 2020-06-10_18-48
File location for results: ../results/2020-06-10_18-48/


SIMULATION
##########################################
951 locations read from ../data/sites_simulation.csv
Inheritance is simulated: False
Simulated features: 35
Simulated intensity for universal pressure: 1.0
Simulated intensity for contact: 1.5
Simulated intensity for inheritance: None
Simulated entropy for universal pressure: 1.0
Simulated entropy for contact: 1.25
Simulated entropy for inheritance: None
Simulated area: 4


MCMC SETUP
##########################################
MCMC with 2000 steps and 1000 samples (burn-in 0 steps)
Areas have a minimum size of 3 and a maximum size of 50. The initial size is 5.
MCMC with 3 chains and 3 attempted swap(s) after 1000 steps.
Number of sampled areas: 1
Geo-prior: uniform 
Prior on weights: uniform 
Prior on universal pressure (alpha): uniform 
Prior on contact (gamma): uniform 
Pseudocounts for tuning the width of the proposal distribution for weights: 30 
Pseudocounts for tuning the width of the proposal distribution for universal pressure (alpha): 30 
Pseudocounts for tuning the width of the proposal distribution for areas (gamma): 30 
Inheritance is considered for inference: False
Ratio of areal steps (growing, shrinking, swapping areas): 0.05
Ratio of weight steps (changing weights): 0.7
Ratio of universal steps (changing alpha) : 0.05
Ratio of inheritance steps (changing beta): 0.0
Ratio of contact steps (changing gamma): 0.2


MCMC STATISTICS
##########################################
OPERATOR            	ACCEPTS 	REJECTS 	TOTAL   	ACC. RATE
shrink_zone         	22      	65      	87      	25.29%
grow_zone           	28      	38      	66      	42.42%
swap_zone           	21      	118     	139     	15.11%
alter_weights       	3903    	301     	4204    	92.84%
alter_p_global      	21      	278     	299     	7.02%
alter_p_zones       	807     	398     	1205    	66.97%
alter_p_families    	-       	-       	-       	-         
