INFO:root:Experiment: 2019-11-26_15-15
INFO:root:MCMC with 400000 steps (+ 1000 increase per extra zone)and 50000 samples (burn-in 0 steps)
INFO:root:Zones have a minimum size of 3 and a maximum size of 50. The initial size is 5.
INFO:root:Inheritance is considered: True
INFO:root:Sample p_global: True
INFO:root:Sample p_zones: True
INFO:root:Sample p_families: True
INFO:root:Ratio of zone steps: 0.02
INFO:root:Ratio of weight steps: 0.72
INFO:root:Ratio of p_global steps: 0.01
INFO:root:Ratio of p_zones steps: 0.2
INFO:root:Ratio of p_families steps: 0.05
INFO:root:MCMC with 8 chains and 3 attempted swap(s) after 1000 steps.
INFO:root:Maximum number of sampled zones: 8
INFO:root:100 sites with 36 features imported from data/features/features.csv. 92 NA value(s) found.
INFO:root:Geo-prior: uniform 
INFO:root:Prior on weights: uniform 
INFO:root:Prior on p_global: dirichlet 
INFO:root:Prior on p_zones: uniform 
INFO:root:Prior on p_families: dirichlet 
INFO:root:Variance of proposal distribution for weights: 0.1 
INFO:root:Variance of proposal distribution for p_global: 0.1 
INFO:root:Variance of proposal distribution for p_zones: 0.1 
INFO:root:Variance of proposal distribution for p_families: 0.1 
INFO:root:Import prior information for p_global from data/p_global//prior_p_global.csv.
INFO:root:Import prior information for Arawak from data/p_families/prior_p_families_arawak.csv.
INFO:root:Import prior information for Panoan from data/p_families/prior_p_families_panoan.csv.
INFO:root:Import prior information for Quechuan from data/p_families/prior_p_families_quechuan.csv.
INFO:root:Import prior information for Tucanoan from data/p_families/prior_p_families_tucanoan.csv.
INFO:root:Import prior information for Tupian from data/p_families/prior_p_families_tupian.csv.
